[debug] [2022-04-09T14:50:05.118Z] ----------------------------------------------------------------------
[debug] [2022-04-09T14:50:05.130Z] Command:       C:\Program Files\nodejs\node.exe C:\Users\Nikos Fliataris\AppData\Roaming\npm\node_modules\firebase-tools\lib\bin\firebase.js emulators:start --only functions
[debug] [2022-04-09T14:50:05.131Z] CLI Version:   10.6.0
[debug] [2022-04-09T14:50:05.131Z] Platform:      win32
[debug] [2022-04-09T14:50:05.131Z] Node Version:  v16.14.0
[debug] [2022-04-09T14:50:05.132Z] Time:          Sat Apr 09 2022 17:50:05 GMT+0300 (Eastern European Summer Time)
[debug] [2022-04-09T14:50:05.133Z] ----------------------------------------------------------------------
[debug] 
[debug] [2022-04-09T14:50:05.690Z] > command requires scopes: ["email","openid","https://www.googleapis.com/auth/cloudplatformprojects.readonly","https://www.googleapis.com/auth/firebase","https://www.googleapis.com/auth/cloud-platform"]
[debug] [2022-04-09T14:50:05.691Z] > authorizing via signed-in user (fliataris6@gmail.com)
[info] i  emulators: Starting emulators: functions {"metadata":{"emulator":{"name":"hub"},"message":"Starting emulators: functions"}}
[debug] [2022-04-09T14:50:05.768Z] [hub] writing locator at C:\Users\NIKOSF~1\AppData\Local\Temp\hub-eshop-8bfe9.json
[warn] !  functions: The following emulators are not running, calls to these services from the Functions emulator will affect production: auth, firestore, database, hosting, pubsub, storage {"metadata":{"emulator":{"name":"functions"},"message":"The following emulators are not running, calls to these services from the Functions emulator will affect production: \u001b[1mauth, firestore, database, hosting, pubsub, storage\u001b[22m"}}
[info] +  functions: Using node@16 from host. {"metadata":{"emulator":{"name":"functions"},"message":"Using node@16 from host."}}
[debug] [2022-04-09T14:50:05.794Z] defaultcredentials: writing to file C:\Users\Nikos Fliataris\AppData\Roaming\firebase\fliataris6_gmail_com_application_default_credentials.json
[debug] [2022-04-09T14:50:05.799Z] Setting GAC to C:\Users\Nikos Fliataris\AppData\Roaming\firebase\fliataris6_gmail_com_application_default_credentials.json {"metadata":{"emulator":{"name":"functions"},"message":"Setting GAC to C:\\Users\\Nikos Fliataris\\AppData\\Roaming\\firebase\\fliataris6_gmail_com_application_default_credentials.json"}}
[debug] [2022-04-09T14:50:05.801Z] > refreshing access token with scopes: []
[debug] [2022-04-09T14:50:05.802Z] >>> HTTP REQUEST POST https://www.googleapis.com/oauth2/v3/token  
 <request body omitted>
[debug] [2022-04-09T14:50:06.018Z] <<< HTTP RESPONSE 200 {"pragma":"no-cache","expires":"Mon, 01 Jan 1990 00:00:00 GMT","date":"Sat, 09 Apr 2022 14:50:06 GMT","cache-control":"no-cache, no-store, max-age=0, must-revalidate","content-type":"application/json; charset=utf-8","vary":"X-Origin, Referer, Origin,Accept-Encoding","server":"scaffolding on HTTPServer2","x-xss-protection":"0","x-frame-options":"SAMEORIGIN","x-content-type-options":"nosniff","alt-svc":"h3=\":443\"; ma=2592000,h3-29=\":443\"; ma=2592000,h3-Q050=\":443\"; ma=2592000,h3-Q046=\":443\"; ma=2592000,h3-Q043=\":443\"; ma=2592000,quic=\":443\"; ma=2592000; v=\"46,43\"","accept-ranges":"none","transfer-encoding":"chunked"}
[debug] [2022-04-09T14:50:06.162Z] >>> [apiv2][query] GET https://firebase.googleapis.com/v1beta1/projects/eshop-8bfe9/adminSdkConfig [none]
[debug] [2022-04-09T14:50:06.605Z] <<< [apiv2][status] GET https://firebase.googleapis.com/v1beta1/projects/eshop-8bfe9/adminSdkConfig 200
[debug] [2022-04-09T14:50:06.605Z] <<< [apiv2][body] GET https://firebase.googleapis.com/v1beta1/projects/eshop-8bfe9/adminSdkConfig {"projectId":"eshop-8bfe9","databaseURL":"https://eshop-8bfe9-default-rtdb.europe-west1.firebasedatabase.app","storageBucket":"eshop-8bfe9.appspot.com","locationId":"europe-west"}
[debug] [2022-04-09T14:50:06.676Z] Ignoring unsupported arg: auto_download {"metadata":{"emulator":{"name":"ui"},"message":"Ignoring unsupported arg: auto_download"}}
[debug] [2022-04-09T14:50:06.677Z] Ignoring unsupported arg: port {"metadata":{"emulator":{"name":"ui"},"message":"Ignoring unsupported arg: port"}}
[debug] [2022-04-09T14:50:06.677Z] Starting Emulator UI with command {"binary":"node","args":["C:\\Users\\Nikos Fliataris\\.cache\\firebase\\emulators\\ui-v1.6.5\\server.bundle.js"],"optionalArgs":[],"joinArgs":false} {"metadata":{"emulator":{"name":"ui"},"message":"Starting Emulator UI with command {\"binary\":\"node\",\"args\":[\"C:\\\\Users\\\\Nikos Fliataris\\\\.cache\\\\firebase\\\\emulators\\\\ui-v1.6.5\\\\server.bundle.js\"],\"optionalArgs\":[],\"joinArgs\":false}"}}
[info] i  ui: Emulator UI logging to ui-debug.log {"metadata":{"emulator":{"name":"ui"},"message":"Emulator UI logging to \u001b[1mui-debug.log\u001b[22m"}}
[debug] [2022-04-09T14:50:07.206Z] Web / API server started at localhost:4000
 {"metadata":{"emulator":{"name":"ui"},"message":"Web / API server started at localhost:4000\n"}}
[info] i  functions: Watching "C:\Users\Nikos Fliataris\Documents\react\React-Typescript\my-app\functions" for Cloud Functions... {"metadata":{"emulator":{"name":"functions"},"message":"Watching \"C:\\Users\\Nikos Fliataris\\Documents\\react\\React-Typescript\\my-app\\functions\" for Cloud Functions..."}}
[debug] [2022-04-09T14:50:07.219Z] Validating nodejs source
[debug] [2022-04-09T14:50:11.189Z] > [functions] package.json contents: {
  "name": "functions",
  "scripts": {
    "lint": "eslint --ext .js,.ts .",
    "build": "tsc",
    "serve": " firebase emulators:start --only functions",
    "shell": "firebase functions:shell",
    "start": "npm run shell",
    "deploy": "firebase deploy --only functions",
    "logs": "firebase functions:log"
  },
  "engines": {
    "node": "16"
  },
  "main": "lib/index.js",
  "dependencies": {
    "axios": "^0.26.1",
    "cors": "^2.8.5",
    "express": "^4.17.3",
    "firebase-admin": "^10.0.2",
    "firebase-functions": "^3.18.0",
    "stripe": "^8.216.0"
  },
  "devDependencies": {
    "@typescript-eslint/eslint-plugin": "^5.12.0",
    "@typescript-eslint/parser": "^5.12.0",
    "eslint": "^8.9.0",
    "eslint-config-google": "^0.14.0",
    "eslint-plugin-import": "^2.25.4",
    "firebase-functions-test": "^0.2.0",
    "typescript": "^4.5.4"
  },
  "private": true
}
[debug] [2022-04-09T14:50:11.189Z] Building nodejs source
[debug] [2022-04-09T14:50:11.189Z] Analyzing nodejs backend spec
[info] +  functions[us-central1-api]: http function initialized (http://localhost:5001/eshop-8bfe9/us-central1/api). {"metadata":{"emulator":{"name":"functions"},"message":"\u001b[1mhttp\u001b[22m function initialized (http://localhost:5001/eshop-8bfe9/us-central1/api)."}}
[info] 
┌─────────────────────────────────────────────────────────────┐
│ ✔  All emulators ready! It is now safe to connect your app. │
│ i  View Emulator UI at http://localhost:4000                │
└─────────────────────────────────────────────────────────────┘

┌───────────┬────────────────┬─────────────────────────────────┐
│ Emulator  │ Host:Port      │ View in Emulator UI             │
├───────────┼────────────────┼─────────────────────────────────┤
│ Functions │ localhost:5001 │ http://localhost:4000/functions │
└───────────┴────────────────┴─────────────────────────────────┘
  Emulator Hub running at localhost:4400
  Other reserved ports: 4500

Issues? Report them at https://github.com/firebase/firebase-tools/issues and attach the *-debug.log files.
 
[debug] [2022-04-09T14:50:22.808Z] Functions emulator received unknown request at path /
[debug] [2022-04-09T14:50:27.557Z] [work-queue] {"queueLength":1,"workRunningCount":0}
[debug] [2022-04-09T14:50:27.558Z] [work-queue] {"queueLength":0,"workRunningCount":1}
[debug] [2022-04-09T14:50:27.559Z] Accepted request GET /eshop-8bfe9/us-central1/api --> us-central1-api
[debug] [2022-04-09T14:50:27.579Z] [worker-pool] addWorker(us-central1-api) {"metadata":{"emulator":{"name":"functions"},"message":"[worker-pool] addWorker(us-central1-api)"}}
[debug] [2022-04-09T14:50:27.580Z] [worker-pool] Adding worker with key us-central1-api, total=1 {"metadata":{"emulator":{"name":"functions"},"message":"[worker-pool] Adding worker with key us-central1-api, total=1"}}
[debug] [2022-04-09T14:50:27.580Z] [worker-pool] submitWork(triggerId=us-central1-api) {"metadata":{"emulator":{"name":"functions"},"message":"[worker-pool] submitWork(triggerId=us-central1-api)"}}
[debug] [2022-04-09T14:50:27.581Z] [worker-us-central1-api-17703dea-0735-4846-8312-f5bcccbddcff]: Assigning socketPath: \\?\pipe\C:\Users\Nikos Fliataris\Documents\react\React-Typescript\my-app\functions\12896 {"metadata":{"emulator":{"name":"functions"},"message":"[worker-us-central1-api-17703dea-0735-4846-8312-f5bcccbddcff]: Assigning socketPath: \\\\?\\pipe\\C:\\Users\\Nikos Fliataris\\Documents\\react\\React-Typescript\\my-app\\functions\\12896"}}
[debug] [2022-04-09T14:50:27.581Z] [worker-us-central1-api-17703dea-0735-4846-8312-f5bcccbddcff]: BUSY {"metadata":{"emulator":{"name":"functions"},"message":"[worker-us-central1-api-17703dea-0735-4846-8312-f5bcccbddcff]: BUSY"}}
[debug] [2022-04-09T14:50:29.874Z] [runtime-status] [12896] Functions runtime initialized. {"cwd":"C:\\Users\\Nikos Fliataris\\Documents\\react\\React-Typescript\\my-app\\functions","node_version":"16.14.0"} {"metadata":{"emulator":{"name":"functions"},"function":{"name":"us-central1-api"},"extension":{},"message":"[runtime-status] [12896] Functions runtime initialized. {\"cwd\":\"C:\\\\Users\\\\Nikos Fliataris\\\\Documents\\\\react\\\\React-Typescript\\\\my-app\\\\functions\",\"node_version\":\"16.14.0\"}"}}
[debug] [2022-04-09T14:50:29.876Z] [runtime-status] [12896] Disabled runtime features: undefined {"metadata":{"emulator":{"name":"functions"},"function":{"name":"us-central1-api"},"extension":{},"message":"[runtime-status] [12896] Disabled runtime features: undefined"}}
[debug] [2022-04-09T14:50:29.880Z] [runtime-status] [12896] Resolved module firebase-admin {"declared":true,"installed":true,"version":"10.0.2","resolution":"C:\\Users\\Nikos Fliataris\\Documents\\react\\React-Typescript\\my-app\\functions\\node_modules\\firebase-admin\\lib\\index.js"} {"metadata":{"emulator":{"name":"functions"},"function":{"name":"us-central1-api"},"extension":{},"message":"[runtime-status] [12896] Resolved module firebase-admin {\"declared\":true,\"installed\":true,\"version\":\"10.0.2\",\"resolution\":\"C:\\\\Users\\\\Nikos Fliataris\\\\Documents\\\\react\\\\React-Typescript\\\\my-app\\\\functions\\\\node_modules\\\\firebase-admin\\\\lib\\\\index.js\"}"}}
[debug] [2022-04-09T14:50:29.883Z] [runtime-status] [12896] Resolved module firebase-functions {"declared":true,"installed":true,"version":"3.20.0","resolution":"C:\\Users\\Nikos Fliataris\\Documents\\react\\React-Typescript\\my-app\\functions\\node_modules\\firebase-functions\\lib\\index.js"} {"metadata":{"emulator":{"name":"functions"},"function":{"name":"us-central1-api"},"extension":{},"message":"[runtime-status] [12896] Resolved module firebase-functions {\"declared\":true,\"installed\":true,\"version\":\"3.20.0\",\"resolution\":\"C:\\\\Users\\\\Nikos Fliataris\\\\Documents\\\\react\\\\React-Typescript\\\\my-app\\\\functions\\\\node_modules\\\\firebase-functions\\\\lib\\\\index.js\"}"}}
[debug] [2022-04-09T14:50:29.883Z] [runtime-status] [12896] Outgoing network have been stubbed. [{"name":"http","status":"mocked"},{"name":"http","status":"mocked"},{"name":"https","status":"mocked"},{"name":"https","status":"mocked"},{"name":"net","status":"mocked"}] {"metadata":{"emulator":{"name":"functions"},"function":{"name":"us-central1-api"},"extension":{},"message":"[runtime-status] [12896] Outgoing network have been stubbed. [{\"name\":\"http\",\"status\":\"mocked\"},{\"name\":\"http\",\"status\":\"mocked\"},{\"name\":\"https\",\"status\":\"mocked\"},{\"name\":\"https\",\"status\":\"mocked\"},{\"name\":\"net\",\"status\":\"mocked\"}]"}}
[debug] [2022-04-09T14:50:29.884Z] [runtime-status] [12896] Resolved module firebase-functions {"declared":true,"installed":true,"version":"3.20.0","resolution":"C:\\Users\\Nikos Fliataris\\Documents\\react\\React-Typescript\\my-app\\functions\\node_modules\\firebase-functions\\lib\\index.js"} {"metadata":{"emulator":{"name":"functions"},"function":{"name":"us-central1-api"},"extension":{},"message":"[runtime-status] [12896] Resolved module firebase-functions {\"declared\":true,\"installed\":true,\"version\":\"3.20.0\",\"resolution\":\"C:\\\\Users\\\\Nikos Fliataris\\\\Documents\\\\react\\\\React-Typescript\\\\my-app\\\\functions\\\\node_modules\\\\firebase-functions\\\\lib\\\\index.js\"}"}}
[debug] [2022-04-09T14:50:30.026Z] [runtime-status] [12896] Checked functions.config() {"config":{}} {"metadata":{"emulator":{"name":"functions"},"function":{"name":"us-central1-api"},"extension":{},"message":"[runtime-status] [12896] Checked functions.config() {\"config\":{}}"}}
[debug] [2022-04-09T14:50:30.027Z] [runtime-status] [12896] firebase-functions has been stubbed. {"functionsResolution":{"declared":true,"installed":true,"version":"3.20.0","resolution":"C:\\Users\\Nikos Fliataris\\Documents\\react\\React-Typescript\\my-app\\functions\\node_modules\\firebase-functions\\lib\\index.js"}} {"metadata":{"emulator":{"name":"functions"},"function":{"name":"us-central1-api"},"extension":{},"message":"[runtime-status] [12896] firebase-functions has been stubbed. {\"functionsResolution\":{\"declared\":true,\"installed\":true,\"version\":\"3.20.0\",\"resolution\":\"C:\\\\Users\\\\Nikos Fliataris\\\\Documents\\\\react\\\\React-Typescript\\\\my-app\\\\functions\\\\node_modules\\\\firebase-functions\\\\lib\\\\index.js\"}}"}}
[debug] [2022-04-09T14:50:30.028Z] [runtime-status] [12896] Resolved module firebase-functions {"declared":true,"installed":true,"version":"3.20.0","resolution":"C:\\Users\\Nikos Fliataris\\Documents\\react\\React-Typescript\\my-app\\functions\\node_modules\\firebase-functions\\lib\\index.js"} {"metadata":{"emulator":{"name":"functions"},"function":{"name":"us-central1-api"},"extension":{},"message":"[runtime-status] [12896] Resolved module firebase-functions {\"declared\":true,\"installed\":true,\"version\":\"3.20.0\",\"resolution\":\"C:\\\\Users\\\\Nikos Fliataris\\\\Documents\\\\react\\\\React-Typescript\\\\my-app\\\\functions\\\\node_modules\\\\firebase-functions\\\\lib\\\\index.js\"}"}}
[debug] [2022-04-09T14:50:30.030Z] [runtime-status] [12896] Resolved module firebase-admin {"declared":true,"installed":true,"version":"10.0.2","resolution":"C:\\Users\\Nikos Fliataris\\Documents\\react\\React-Typescript\\my-app\\functions\\node_modules\\firebase-admin\\lib\\index.js"} {"metadata":{"emulator":{"name":"functions"},"function":{"name":"us-central1-api"},"extension":{},"message":"[runtime-status] [12896] Resolved module firebase-admin {\"declared\":true,\"installed\":true,\"version\":\"10.0.2\",\"resolution\":\"C:\\\\Users\\\\Nikos Fliataris\\\\Documents\\\\react\\\\React-Typescript\\\\my-app\\\\functions\\\\node_modules\\\\firebase-admin\\\\lib\\\\index.js\"}"}}
[debug] [2022-04-09T14:50:30.031Z] [runtime-status] [12896] Resolved module firebase-functions {"declared":true,"installed":true,"version":"3.20.0","resolution":"C:\\Users\\Nikos Fliataris\\Documents\\react\\React-Typescript\\my-app\\functions\\node_modules\\firebase-functions\\lib\\index.js"} {"metadata":{"emulator":{"name":"functions"},"function":{"name":"us-central1-api"},"extension":{},"message":"[runtime-status] [12896] Resolved module firebase-functions {\"declared\":true,\"installed\":true,\"version\":\"3.20.0\",\"resolution\":\"C:\\\\Users\\\\Nikos Fliataris\\\\Documents\\\\react\\\\React-Typescript\\\\my-app\\\\functions\\\\node_modules\\\\firebase-functions\\\\lib\\\\index.js\"}"}}
[debug] [2022-04-09T14:50:30.032Z] [runtime-status] [12896] firebase-admin has been stubbed. {"adminResolution":{"declared":true,"installed":true,"version":"10.0.2","resolution":"C:\\Users\\Nikos Fliataris\\Documents\\react\\React-Typescript\\my-app\\functions\\node_modules\\firebase-admin\\lib\\index.js"}} {"metadata":{"emulator":{"name":"functions"},"function":{"name":"us-central1-api"},"extension":{},"message":"[runtime-status] [12896] firebase-admin has been stubbed. {\"adminResolution\":{\"declared\":true,\"installed\":true,\"version\":\"10.0.2\",\"resolution\":\"C:\\\\Users\\\\Nikos Fliataris\\\\Documents\\\\react\\\\React-Typescript\\\\my-app\\\\functions\\\\node_modules\\\\firebase-admin\\\\lib\\\\index.js\"}}"}}
[debug] [2022-04-09T14:50:30.325Z] [runtime-status] [12896] Beginning invocation function api! {"metadata":{"emulator":{"name":"functions"},"function":{"name":"us-central1-api"},"extension":{},"message":"[runtime-status] [12896] Beginning invocation function api!"}}
[info] i  functions: Beginning execution of "api" {"metadata":{"emulator":{"name":"functions"},"function":{"name":"us-central1-api"},"extension":{},"message":"Beginning execution of \"api\""}}
[debug] [2022-04-09T14:50:30.327Z] [runtime-status] [12896] Running api in signature http {"metadata":{"emulator":{"name":"functions"},"function":{"name":"us-central1-api"},"extension":{},"message":"[runtime-status] [12896] Running api in signature http"}}
[debug] [2022-04-09T14:50:30.331Z] [runtime-status] [12896] Attempting to listen to socketPath: \\?\pipe\C:\Users\Nikos Fliataris\Documents\react\React-Typescript\my-app\functions\12896 {"metadata":{"emulator":{"name":"functions"},"function":{"name":"us-central1-api"},"extension":{},"message":"[runtime-status] [12896] Attempting to listen to socketPath: \\\\?\\pipe\\C:\\Users\\Nikos Fliataris\\Documents\\react\\React-Typescript\\my-app\\functions\\12896"}}
[debug] [2022-04-09T14:50:30.337Z] [functions] Runtime ready! Sending request! {"metadata":{"emulator":{"name":"functions"},"message":"[functions] Runtime ready! Sending request!"}}
[debug] [2022-04-09T14:50:30.338Z] [functions] Got req.url=/eshop-8bfe9/us-central1/api, mapping to path=/ {"metadata":{"emulator":{"name":"functions"},"message":"[functions] Got req.url=/eshop-8bfe9/us-central1/api, mapping to path=/"}}
[debug] [2022-04-09T14:50:30.371Z] [runtime-status] [12896] Ephemeral server handling GET request {"metadata":{"emulator":{"name":"functions"},"function":{"name":"us-central1-api"},"extension":{},"message":"[runtime-status] [12896] Ephemeral server handling GET request"}}
[debug] [2022-04-09T14:50:30.380Z] [runtime-status] [12896] Ephemeral server survived. {"metadata":{"emulator":{"name":"functions"},"function":{"name":"us-central1-api"},"extension":{},"message":"[runtime-status] [12896] Ephemeral server survived."}}
[info] i  functions: Finished "api" in ~1s {"metadata":{"emulator":{"name":"functions"},"function":{"name":"us-central1-api"},"extension":{},"message":"Finished \"api\" in ~1s"}}
[debug] [2022-04-09T14:50:30.391Z] [worker-us-central1-api-17703dea-0735-4846-8312-f5bcccbddcff]: IDLE {"metadata":{"emulator":{"name":"functions"},"message":"[worker-us-central1-api-17703dea-0735-4846-8312-f5bcccbddcff]: IDLE"}}
[debug] [2022-04-09T14:50:30.392Z] [work-queue] {"queueLength":0,"workRunningCount":0}
[debug] [2022-04-09T14:52:05.547Z] [work-queue] {"queueLength":1,"workRunningCount":0}
[debug] [2022-04-09T14:52:05.548Z] [work-queue] {"queueLength":0,"workRunningCount":1}
[debug] [2022-04-09T14:52:05.548Z] Accepted request OPTIONS /eshop-8bfe9/us-central1/api/payment/create --> us-central1-api
[debug] [2022-04-09T14:52:05.549Z] [worker-pool] submitWork(triggerId=us-central1-api) {"metadata":{"emulator":{"name":"functions"},"message":"[worker-pool] submitWork(triggerId=us-central1-api)"}}
[debug] [2022-04-09T14:52:05.549Z] [worker-us-central1-api-17703dea-0735-4846-8312-f5bcccbddcff]: Assigning socketPath: \\?\pipe\C:\Users\Nikos Fliataris\Documents\react\React-Typescript\my-app\functions\12896 {"metadata":{"emulator":{"name":"functions"},"message":"[worker-us-central1-api-17703dea-0735-4846-8312-f5bcccbddcff]: Assigning socketPath: \\\\?\\pipe\\C:\\Users\\Nikos Fliataris\\Documents\\react\\React-Typescript\\my-app\\functions\\12896"}}
[debug] [2022-04-09T14:52:05.550Z] [worker-us-central1-api-17703dea-0735-4846-8312-f5bcccbddcff]: BUSY {"metadata":{"emulator":{"name":"functions"},"message":"[worker-us-central1-api-17703dea-0735-4846-8312-f5bcccbddcff]: BUSY"}}
[debug] [2022-04-09T14:52:05.552Z] [runtime-status] [12896] Beginning invocation function api! {"metadata":{"emulator":{"name":"functions"},"function":{"name":"us-central1-api"},"extension":{},"message":"[runtime-status] [12896] Beginning invocation function api!"}}
[info] i  functions: Beginning execution of "api" {"metadata":{"emulator":{"name":"functions"},"function":{"name":"us-central1-api"},"extension":{},"message":"Beginning execution of \"api\""}}
[debug] [2022-04-09T14:52:05.557Z] [runtime-status] [12896] Running api in signature http {"metadata":{"emulator":{"name":"functions"},"function":{"name":"us-central1-api"},"extension":{},"message":"[runtime-status] [12896] Running api in signature http"}}
[debug] [2022-04-09T14:52:05.560Z] [runtime-status] [12896] Attempting to listen to socketPath: \\?\pipe\C:\Users\Nikos Fliataris\Documents\react\React-Typescript\my-app\functions\12896 {"metadata":{"emulator":{"name":"functions"},"function":{"name":"us-central1-api"},"extension":{},"message":"[runtime-status] [12896] Attempting to listen to socketPath: \\\\?\\pipe\\C:\\Users\\Nikos Fliataris\\Documents\\react\\React-Typescript\\my-app\\functions\\12896"}}
[debug] [2022-04-09T14:52:05.568Z] [functions] Runtime ready! Sending request! {"metadata":{"emulator":{"name":"functions"},"message":"[functions] Runtime ready! Sending request!"}}
[debug] [2022-04-09T14:52:05.571Z] [functions] Got req.url=/eshop-8bfe9/us-central1/api/payment/create, mapping to path=/payment/create {"metadata":{"emulator":{"name":"functions"},"message":"[functions] Got req.url=/eshop-8bfe9/us-central1/api/payment/create, mapping to path=/payment/create"}}
[debug] [2022-04-09T14:52:05.579Z] [runtime-status] [12896] Ephemeral server handling OPTIONS request {"metadata":{"emulator":{"name":"functions"},"function":{"name":"us-central1-api"},"extension":{},"message":"[runtime-status] [12896] Ephemeral server handling OPTIONS request"}}
[debug] [2022-04-09T14:52:05.586Z] [runtime-status] [12896] Ephemeral server survived. {"metadata":{"emulator":{"name":"functions"},"function":{"name":"us-central1-api"},"extension":{},"message":"[runtime-status] [12896] Ephemeral server survived."}}
[info] i  functions: Finished "api" in ~1s {"metadata":{"emulator":{"name":"functions"},"function":{"name":"us-central1-api"},"extension":{},"message":"Finished \"api\" in ~1s"}}
[debug] [2022-04-09T14:52:05.592Z] [worker-us-central1-api-17703dea-0735-4846-8312-f5bcccbddcff]: IDLE {"metadata":{"emulator":{"name":"functions"},"message":"[worker-us-central1-api-17703dea-0735-4846-8312-f5bcccbddcff]: IDLE"}}
[debug] [2022-04-09T14:52:05.594Z] [work-queue] {"queueLength":0,"workRunningCount":0}
[debug] [2022-04-09T14:52:05.599Z] [work-queue] {"queueLength":1,"workRunningCount":0}
[debug] [2022-04-09T14:52:05.599Z] [work-queue] {"queueLength":0,"workRunningCount":1}
[debug] [2022-04-09T14:52:05.599Z] Accepted request POST /eshop-8bfe9/us-central1/api/payment/create --> us-central1-api
[debug] [2022-04-09T14:52:05.600Z] [worker-pool] submitWork(triggerId=us-central1-api) {"metadata":{"emulator":{"name":"functions"},"message":"[worker-pool] submitWork(triggerId=us-central1-api)"}}
[debug] [2022-04-09T14:52:05.600Z] [worker-us-central1-api-17703dea-0735-4846-8312-f5bcccbddcff]: Assigning socketPath: \\?\pipe\C:\Users\Nikos Fliataris\Documents\react\React-Typescript\my-app\functions\12896 {"metadata":{"emulator":{"name":"functions"},"message":"[worker-us-central1-api-17703dea-0735-4846-8312-f5bcccbddcff]: Assigning socketPath: \\\\?\\pipe\\C:\\Users\\Nikos Fliataris\\Documents\\react\\React-Typescript\\my-app\\functions\\12896"}}
[debug] [2022-04-09T14:52:05.600Z] [worker-us-central1-api-17703dea-0735-4846-8312-f5bcccbddcff]: BUSY {"metadata":{"emulator":{"name":"functions"},"message":"[worker-us-central1-api-17703dea-0735-4846-8312-f5bcccbddcff]: BUSY"}}
[debug] [2022-04-09T14:52:05.601Z] [runtime-status] [12896] Beginning invocation function api! {"metadata":{"emulator":{"name":"functions"},"function":{"name":"us-central1-api"},"extension":{},"message":"[runtime-status] [12896] Beginning invocation function api!"}}
[info] i  functions: Beginning execution of "api" {"metadata":{"emulator":{"name":"functions"},"function":{"name":"us-central1-api"},"extension":{},"message":"Beginning execution of \"api\""}}
[debug] [2022-04-09T14:52:05.604Z] [runtime-status] [12896] Running api in signature http {"metadata":{"emulator":{"name":"functions"},"function":{"name":"us-central1-api"},"extension":{},"message":"[runtime-status] [12896] Running api in signature http"}}
[debug] [2022-04-09T14:52:05.605Z] [runtime-status] [12896] Attempting to listen to socketPath: \\?\pipe\C:\Users\Nikos Fliataris\Documents\react\React-Typescript\my-app\functions\12896 {"metadata":{"emulator":{"name":"functions"},"function":{"name":"us-central1-api"},"extension":{},"message":"[runtime-status] [12896] Attempting to listen to socketPath: \\\\?\\pipe\\C:\\Users\\Nikos Fliataris\\Documents\\react\\React-Typescript\\my-app\\functions\\12896"}}
[debug] [2022-04-09T14:52:05.609Z] [functions] Runtime ready! Sending request! {"metadata":{"emulator":{"name":"functions"},"message":"[functions] Runtime ready! Sending request!"}}
[debug] [2022-04-09T14:52:05.610Z] [functions] Got req.url=/eshop-8bfe9/us-central1/api/payment/create, mapping to path=/payment/create {"metadata":{"emulator":{"name":"functions"},"message":"[functions] Got req.url=/eshop-8bfe9/us-central1/api/payment/create, mapping to path=/payment/create"}}
[debug] [2022-04-09T14:52:05.630Z] [runtime-status] [12896] Ephemeral server handling POST request {"metadata":{"emulator":{"name":"functions"},"function":{"name":"us-central1-api"},"extension":{},"message":"[runtime-status] [12896] Ephemeral server handling POST request"}}
[debug] [2022-04-09T14:52:05.633Z] [runtime-status] [12896] Ephemeral server survived. {"metadata":{"emulator":{"name":"functions"},"function":{"name":"us-central1-api"},"extension":{},"message":"[runtime-status] [12896] Ephemeral server survived."}}
[info] i  functions: Finished "api" in ~1s {"metadata":{"emulator":{"name":"functions"},"function":{"name":"us-central1-api"},"extension":{},"message":"Finished \"api\" in ~1s"}}
[debug] [2022-04-09T14:52:05.635Z] [worker-us-central1-api-17703dea-0735-4846-8312-f5bcccbddcff]: IDLE {"metadata":{"emulator":{"name":"functions"},"message":"[worker-us-central1-api-17703dea-0735-4846-8312-f5bcccbddcff]: IDLE"}}
[debug] [2022-04-09T14:52:05.636Z] [work-queue] {"queueLength":0,"workRunningCount":0}
[debug] [2022-04-09T14:52:43.702Z] File C:\Users\Nikos Fliataris\Documents\react\React-Typescript\my-app\functions\src\index.ts changed, reloading triggers {"metadata":{"emulator":{"name":"functions"},"message":"File C:\\Users\\Nikos Fliataris\\Documents\\react\\React-Typescript\\my-app\\functions\\src\\index.ts changed, reloading triggers"}}
[debug] [2022-04-09T14:52:44.707Z] [worker-pool] Shutting down IDLE worker (us-central1-api) {"metadata":{"emulator":{"name":"functions"},"message":"[worker-pool] Shutting down IDLE worker (us-central1-api)"}}
[debug] [2022-04-09T14:52:44.708Z] [worker-us-central1-api-17703dea-0735-4846-8312-f5bcccbddcff]: FINISHING {"metadata":{"emulator":{"name":"functions"},"message":"[worker-us-central1-api-17703dea-0735-4846-8312-f5bcccbddcff]: FINISHING"}}
[debug] [2022-04-09T14:52:44.714Z] Validating nodejs source
[debug] [2022-04-09T14:52:52.431Z] > [functions] package.json contents: {
  "name": "functions",
  "scripts": {
    "lint": "eslint --ext .js,.ts .",
    "build": "tsc",
    "serve": " firebase emulators:start --only functions",
    "shell": "firebase functions:shell",
    "start": "npm run shell",
    "deploy": "firebase deploy --only functions",
    "logs": "firebase functions:log"
  },
  "engines": {
    "node": "16"
  },
  "main": "lib/index.js",
  "dependencies": {
    "axios": "^0.26.1",
    "cors": "^2.8.5",
    "express": "^4.17.3",
    "firebase-admin": "^10.0.2",
    "firebase-functions": "^3.18.0",
    "stripe": "^8.216.0"
  },
  "devDependencies": {
    "@typescript-eslint/eslint-plugin": "^5.12.0",
    "@typescript-eslint/parser": "^5.12.0",
    "eslint": "^8.9.0",
    "eslint-config-google": "^0.14.0",
    "eslint-plugin-import": "^2.25.4",
    "firebase-functions-test": "^0.2.0",
    "typescript": "^4.5.4"
  },
  "private": true
}
[debug] [2022-04-09T14:52:52.431Z] Building nodejs source
[debug] [2022-04-09T14:52:52.432Z] Analyzing nodejs backend spec
[debug] [2022-04-09T14:52:52.443Z] [worker-us-central1-api-17703dea-0735-4846-8312-f5bcccbddcff]: exited {"metadata":{"emulator":{"name":"functions"},"message":"[worker-us-central1-api-17703dea-0735-4846-8312-f5bcccbddcff]: exited"}}
[debug] [2022-04-09T14:52:52.443Z] [worker-us-central1-api-17703dea-0735-4846-8312-f5bcccbddcff]: FINISHED {"metadata":{"emulator":{"name":"functions"},"message":"[worker-us-central1-api-17703dea-0735-4846-8312-f5bcccbddcff]: FINISHED"}}
[debug] [2022-04-09T14:53:07.161Z] [work-queue] {"queueLength":1,"workRunningCount":0}
[debug] [2022-04-09T14:53:07.162Z] [work-queue] {"queueLength":0,"workRunningCount":1}
[debug] [2022-04-09T14:53:07.162Z] Accepted request OPTIONS /eshop-8bfe9/us-central1/api/payment/create --> us-central1-api
[debug] [2022-04-09T14:53:07.163Z] [worker-pool] Cleaned up workers for us-central1-api: 1 --> 0 {"metadata":{"emulator":{"name":"functions"},"message":"[worker-pool] Cleaned up workers for us-central1-api: 1 --> 0"}}
[debug] [2022-04-09T14:53:07.192Z] [worker-pool] addWorker(us-central1-api) {"metadata":{"emulator":{"name":"functions"},"message":"[worker-pool] addWorker(us-central1-api)"}}
[debug] [2022-04-09T14:53:07.193Z] [worker-pool] Adding worker with key us-central1-api, total=1 {"metadata":{"emulator":{"name":"functions"},"message":"[worker-pool] Adding worker with key us-central1-api, total=1"}}
[debug] [2022-04-09T14:53:07.193Z] [worker-pool] submitWork(triggerId=us-central1-api) {"metadata":{"emulator":{"name":"functions"},"message":"[worker-pool] submitWork(triggerId=us-central1-api)"}}
[debug] [2022-04-09T14:53:07.194Z] [worker-us-central1-api-df4923d3-cb89-4cf7-bc6e-9ecc2f5ad736]: Assigning socketPath: \\?\pipe\C:\Users\Nikos Fliataris\Documents\react\React-Typescript\my-app\functions\3236 {"metadata":{"emulator":{"name":"functions"},"message":"[worker-us-central1-api-df4923d3-cb89-4cf7-bc6e-9ecc2f5ad736]: Assigning socketPath: \\\\?\\pipe\\C:\\Users\\Nikos Fliataris\\Documents\\react\\React-Typescript\\my-app\\functions\\3236"}}
[debug] [2022-04-09T14:53:07.195Z] [worker-us-central1-api-df4923d3-cb89-4cf7-bc6e-9ecc2f5ad736]: BUSY {"metadata":{"emulator":{"name":"functions"},"message":"[worker-us-central1-api-df4923d3-cb89-4cf7-bc6e-9ecc2f5ad736]: BUSY"}}
[debug] [2022-04-09T14:53:09.350Z] [runtime-status] [3236] Functions runtime initialized. {"cwd":"C:\\Users\\Nikos Fliataris\\Documents\\react\\React-Typescript\\my-app\\functions","node_version":"16.14.0"} {"metadata":{"emulator":{"name":"functions"},"function":{"name":"us-central1-api"},"extension":{},"message":"[runtime-status] [3236] Functions runtime initialized. {\"cwd\":\"C:\\\\Users\\\\Nikos Fliataris\\\\Documents\\\\react\\\\React-Typescript\\\\my-app\\\\functions\",\"node_version\":\"16.14.0\"}"}}
[debug] [2022-04-09T14:53:09.353Z] [runtime-status] [3236] Disabled runtime features: undefined {"metadata":{"emulator":{"name":"functions"},"function":{"name":"us-central1-api"},"extension":{},"message":"[runtime-status] [3236] Disabled runtime features: undefined"}}
[debug] [2022-04-09T14:53:09.358Z] [runtime-status] [3236] Resolved module firebase-admin {"declared":true,"installed":true,"version":"10.0.2","resolution":"C:\\Users\\Nikos Fliataris\\Documents\\react\\React-Typescript\\my-app\\functions\\node_modules\\firebase-admin\\lib\\index.js"} {"metadata":{"emulator":{"name":"functions"},"function":{"name":"us-central1-api"},"extension":{},"message":"[runtime-status] [3236] Resolved module firebase-admin {\"declared\":true,\"installed\":true,\"version\":\"10.0.2\",\"resolution\":\"C:\\\\Users\\\\Nikos Fliataris\\\\Documents\\\\react\\\\React-Typescript\\\\my-app\\\\functions\\\\node_modules\\\\firebase-admin\\\\lib\\\\index.js\"}"}}
[debug] [2022-04-09T14:53:09.361Z] [runtime-status] [3236] Resolved module firebase-functions {"declared":true,"installed":true,"version":"3.20.0","resolution":"C:\\Users\\Nikos Fliataris\\Documents\\react\\React-Typescript\\my-app\\functions\\node_modules\\firebase-functions\\lib\\index.js"} {"metadata":{"emulator":{"name":"functions"},"function":{"name":"us-central1-api"},"extension":{},"message":"[runtime-status] [3236] Resolved module firebase-functions {\"declared\":true,\"installed\":true,\"version\":\"3.20.0\",\"resolution\":\"C:\\\\Users\\\\Nikos Fliataris\\\\Documents\\\\react\\\\React-Typescript\\\\my-app\\\\functions\\\\node_modules\\\\firebase-functions\\\\lib\\\\index.js\"}"}}
[debug] [2022-04-09T14:53:09.362Z] [runtime-status] [3236] Outgoing network have been stubbed. [{"name":"http","status":"mocked"},{"name":"http","status":"mocked"},{"name":"https","status":"mocked"},{"name":"https","status":"mocked"},{"name":"net","status":"mocked"}] {"metadata":{"emulator":{"name":"functions"},"function":{"name":"us-central1-api"},"extension":{},"message":"[runtime-status] [3236] Outgoing network have been stubbed. [{\"name\":\"http\",\"status\":\"mocked\"},{\"name\":\"http\",\"status\":\"mocked\"},{\"name\":\"https\",\"status\":\"mocked\"},{\"name\":\"https\",\"status\":\"mocked\"},{\"name\":\"net\",\"status\":\"mocked\"}]"}}
[debug] [2022-04-09T14:53:09.363Z] [runtime-status] [3236] Resolved module firebase-functions {"declared":true,"installed":true,"version":"3.20.0","resolution":"C:\\Users\\Nikos Fliataris\\Documents\\react\\React-Typescript\\my-app\\functions\\node_modules\\firebase-functions\\lib\\index.js"} {"metadata":{"emulator":{"name":"functions"},"function":{"name":"us-central1-api"},"extension":{},"message":"[runtime-status] [3236] Resolved module firebase-functions {\"declared\":true,\"installed\":true,\"version\":\"3.20.0\",\"resolution\":\"C:\\\\Users\\\\Nikos Fliataris\\\\Documents\\\\react\\\\React-Typescript\\\\my-app\\\\functions\\\\node_modules\\\\firebase-functions\\\\lib\\\\index.js\"}"}}
[debug] [2022-04-09T14:53:09.498Z] [runtime-status] [3236] Checked functions.config() {"config":{}} {"metadata":{"emulator":{"name":"functions"},"function":{"name":"us-central1-api"},"extension":{},"message":"[runtime-status] [3236] Checked functions.config() {\"config\":{}}"}}
[debug] [2022-04-09T14:53:09.499Z] [runtime-status] [3236] firebase-functions has been stubbed. {"functionsResolution":{"declared":true,"installed":true,"version":"3.20.0","resolution":"C:\\Users\\Nikos Fliataris\\Documents\\react\\React-Typescript\\my-app\\functions\\node_modules\\firebase-functions\\lib\\index.js"}} {"metadata":{"emulator":{"name":"functions"},"function":{"name":"us-central1-api"},"extension":{},"message":"[runtime-status] [3236] firebase-functions has been stubbed. {\"functionsResolution\":{\"declared\":true,\"installed\":true,\"version\":\"3.20.0\",\"resolution\":\"C:\\\\Users\\\\Nikos Fliataris\\\\Documents\\\\react\\\\React-Typescript\\\\my-app\\\\functions\\\\node_modules\\\\firebase-functions\\\\lib\\\\index.js\"}}"}}
[debug] [2022-04-09T14:53:09.500Z] [runtime-status] [3236] Resolved module firebase-functions {"declared":true,"installed":true,"version":"3.20.0","resolution":"C:\\Users\\Nikos Fliataris\\Documents\\react\\React-Typescript\\my-app\\functions\\node_modules\\firebase-functions\\lib\\index.js"} {"metadata":{"emulator":{"name":"functions"},"function":{"name":"us-central1-api"},"extension":{},"message":"[runtime-status] [3236] Resolved module firebase-functions {\"declared\":true,\"installed\":true,\"version\":\"3.20.0\",\"resolution\":\"C:\\\\Users\\\\Nikos Fliataris\\\\Documents\\\\react\\\\React-Typescript\\\\my-app\\\\functions\\\\node_modules\\\\firebase-functions\\\\lib\\\\index.js\"}"}}
[debug] [2022-04-09T14:53:09.503Z] [runtime-status] [3236] Resolved module firebase-admin {"declared":true,"installed":true,"version":"10.0.2","resolution":"C:\\Users\\Nikos Fliataris\\Documents\\react\\React-Typescript\\my-app\\functions\\node_modules\\firebase-admin\\lib\\index.js"} {"metadata":{"emulator":{"name":"functions"},"function":{"name":"us-central1-api"},"extension":{},"message":"[runtime-status] [3236] Resolved module firebase-admin {\"declared\":true,\"installed\":true,\"version\":\"10.0.2\",\"resolution\":\"C:\\\\Users\\\\Nikos Fliataris\\\\Documents\\\\react\\\\React-Typescript\\\\my-app\\\\functions\\\\node_modules\\\\firebase-admin\\\\lib\\\\index.js\"}"}}
[debug] [2022-04-09T14:53:09.504Z] [runtime-status] [3236] Resolved module firebase-functions {"declared":true,"installed":true,"version":"3.20.0","resolution":"C:\\Users\\Nikos Fliataris\\Documents\\react\\React-Typescript\\my-app\\functions\\node_modules\\firebase-functions\\lib\\index.js"} {"metadata":{"emulator":{"name":"functions"},"function":{"name":"us-central1-api"},"extension":{},"message":"[runtime-status] [3236] Resolved module firebase-functions {\"declared\":true,\"installed\":true,\"version\":\"3.20.0\",\"resolution\":\"C:\\\\Users\\\\Nikos Fliataris\\\\Documents\\\\react\\\\React-Typescript\\\\my-app\\\\functions\\\\node_modules\\\\firebase-functions\\\\lib\\\\index.js\"}"}}
[debug] [2022-04-09T14:53:09.504Z] [runtime-status] [3236] firebase-admin has been stubbed. {"adminResolution":{"declared":true,"installed":true,"version":"10.0.2","resolution":"C:\\Users\\Nikos Fliataris\\Documents\\react\\React-Typescript\\my-app\\functions\\node_modules\\firebase-admin\\lib\\index.js"}} {"metadata":{"emulator":{"name":"functions"},"function":{"name":"us-central1-api"},"extension":{},"message":"[runtime-status] [3236] firebase-admin has been stubbed. {\"adminResolution\":{\"declared\":true,\"installed\":true,\"version\":\"10.0.2\",\"resolution\":\"C:\\\\Users\\\\Nikos Fliataris\\\\Documents\\\\react\\\\React-Typescript\\\\my-app\\\\functions\\\\node_modules\\\\firebase-admin\\\\lib\\\\index.js\"}}"}}
[debug] [2022-04-09T14:53:09.771Z] [runtime-status] [3236] Beginning invocation function api! {"metadata":{"emulator":{"name":"functions"},"function":{"name":"us-central1-api"},"extension":{},"message":"[runtime-status] [3236] Beginning invocation function api!"}}
[info] i  functions: Beginning execution of "api" {"metadata":{"emulator":{"name":"functions"},"function":{"name":"us-central1-api"},"extension":{},"message":"Beginning execution of \"api\""}}
[debug] [2022-04-09T14:53:09.772Z] [runtime-status] [3236] Running api in signature http {"metadata":{"emulator":{"name":"functions"},"function":{"name":"us-central1-api"},"extension":{},"message":"[runtime-status] [3236] Running api in signature http"}}
[debug] [2022-04-09T14:53:09.778Z] [runtime-status] [3236] Attempting to listen to socketPath: \\?\pipe\C:\Users\Nikos Fliataris\Documents\react\React-Typescript\my-app\functions\3236 {"metadata":{"emulator":{"name":"functions"},"function":{"name":"us-central1-api"},"extension":{},"message":"[runtime-status] [3236] Attempting to listen to socketPath: \\\\?\\pipe\\C:\\Users\\Nikos Fliataris\\Documents\\react\\React-Typescript\\my-app\\functions\\3236"}}
[debug] [2022-04-09T14:53:09.783Z] [functions] Runtime ready! Sending request! {"metadata":{"emulator":{"name":"functions"},"message":"[functions] Runtime ready! Sending request!"}}
[debug] [2022-04-09T14:53:09.784Z] [functions] Got req.url=/eshop-8bfe9/us-central1/api/payment/create, mapping to path=/payment/create {"metadata":{"emulator":{"name":"functions"},"message":"[functions] Got req.url=/eshop-8bfe9/us-central1/api/payment/create, mapping to path=/payment/create"}}
[debug] [2022-04-09T14:53:09.807Z] [runtime-status] [3236] Ephemeral server handling OPTIONS request {"metadata":{"emulator":{"name":"functions"},"function":{"name":"us-central1-api"},"extension":{},"message":"[runtime-status] [3236] Ephemeral server handling OPTIONS request"}}
[debug] [2022-04-09T14:53:09.813Z] [runtime-status] [3236] Ephemeral server survived. {"metadata":{"emulator":{"name":"functions"},"function":{"name":"us-central1-api"},"extension":{},"message":"[runtime-status] [3236] Ephemeral server survived."}}
[debug] [2022-04-09T14:53:09.817Z] [work-queue] {"queueLength":1,"workRunningCount":1}
[debug] [2022-04-09T14:53:09.817Z] [work-queue] {"queueLength":0,"workRunningCount":2}
[debug] [2022-04-09T14:53:09.818Z] Accepted request POST /eshop-8bfe9/us-central1/api/payment/create --> us-central1-api
[debug] [2022-04-09T14:53:09.836Z] [worker-pool] addWorker(us-central1-api) {"metadata":{"emulator":{"name":"functions"},"message":"[worker-pool] addWorker(us-central1-api)"}}
[debug] [2022-04-09T14:53:09.836Z] [worker-pool] Adding worker with key us-central1-api, total=2 {"metadata":{"emulator":{"name":"functions"},"message":"[worker-pool] Adding worker with key us-central1-api, total=2"}}
[debug] [2022-04-09T14:53:09.837Z] [worker-pool] submitWork(triggerId=us-central1-api) {"metadata":{"emulator":{"name":"functions"},"message":"[worker-pool] submitWork(triggerId=us-central1-api)"}}
[debug] [2022-04-09T14:53:09.837Z] [worker-us-central1-api-d32d2487-f18a-40ec-9634-39f3653d6a49]: Assigning socketPath: \\?\pipe\C:\Users\Nikos Fliataris\Documents\react\React-Typescript\my-app\functions\8604 {"metadata":{"emulator":{"name":"functions"},"message":"[worker-us-central1-api-d32d2487-f18a-40ec-9634-39f3653d6a49]: Assigning socketPath: \\\\?\\pipe\\C:\\Users\\Nikos Fliataris\\Documents\\react\\React-Typescript\\my-app\\functions\\8604"}}
[debug] [2022-04-09T14:53:09.837Z] [worker-us-central1-api-d32d2487-f18a-40ec-9634-39f3653d6a49]: BUSY {"metadata":{"emulator":{"name":"functions"},"message":"[worker-us-central1-api-d32d2487-f18a-40ec-9634-39f3653d6a49]: BUSY"}}
[info] i  functions: Finished "api" in ~1s {"metadata":{"emulator":{"name":"functions"},"function":{"name":"us-central1-api"},"extension":{},"message":"Finished \"api\" in ~1s"}}
[debug] [2022-04-09T14:53:09.839Z] [worker-us-central1-api-df4923d3-cb89-4cf7-bc6e-9ecc2f5ad736]: IDLE {"metadata":{"emulator":{"name":"functions"},"message":"[worker-us-central1-api-df4923d3-cb89-4cf7-bc6e-9ecc2f5ad736]: IDLE"}}
[debug] [2022-04-09T14:53:09.839Z] [work-queue] {"queueLength":0,"workRunningCount":1}
[debug] [2022-04-09T14:53:11.894Z] [runtime-status] [8604] Functions runtime initialized. {"cwd":"C:\\Users\\Nikos Fliataris\\Documents\\react\\React-Typescript\\my-app\\functions","node_version":"16.14.0"} {"metadata":{"emulator":{"name":"functions"},"function":{"name":"us-central1-api"},"extension":{},"message":"[runtime-status] [8604] Functions runtime initialized. {\"cwd\":\"C:\\\\Users\\\\Nikos Fliataris\\\\Documents\\\\react\\\\React-Typescript\\\\my-app\\\\functions\",\"node_version\":\"16.14.0\"}"}}
[debug] [2022-04-09T14:53:11.895Z] [runtime-status] [8604] Disabled runtime features: undefined {"metadata":{"emulator":{"name":"functions"},"function":{"name":"us-central1-api"},"extension":{},"message":"[runtime-status] [8604] Disabled runtime features: undefined"}}
[debug] [2022-04-09T14:53:11.899Z] [runtime-status] [8604] Resolved module firebase-admin {"declared":true,"installed":true,"version":"10.0.2","resolution":"C:\\Users\\Nikos Fliataris\\Documents\\react\\React-Typescript\\my-app\\functions\\node_modules\\firebase-admin\\lib\\index.js"} {"metadata":{"emulator":{"name":"functions"},"function":{"name":"us-central1-api"},"extension":{},"message":"[runtime-status] [8604] Resolved module firebase-admin {\"declared\":true,\"installed\":true,\"version\":\"10.0.2\",\"resolution\":\"C:\\\\Users\\\\Nikos Fliataris\\\\Documents\\\\react\\\\React-Typescript\\\\my-app\\\\functions\\\\node_modules\\\\firebase-admin\\\\lib\\\\index.js\"}"}}
[debug] [2022-04-09T14:53:11.902Z] [runtime-status] [8604] Resolved module firebase-functions {"declared":true,"installed":true,"version":"3.20.0","resolution":"C:\\Users\\Nikos Fliataris\\Documents\\react\\React-Typescript\\my-app\\functions\\node_modules\\firebase-functions\\lib\\index.js"} {"metadata":{"emulator":{"name":"functions"},"function":{"name":"us-central1-api"},"extension":{},"message":"[runtime-status] [8604] Resolved module firebase-functions {\"declared\":true,\"installed\":true,\"version\":\"3.20.0\",\"resolution\":\"C:\\\\Users\\\\Nikos Fliataris\\\\Documents\\\\react\\\\React-Typescript\\\\my-app\\\\functions\\\\node_modules\\\\firebase-functions\\\\lib\\\\index.js\"}"}}
[debug] [2022-04-09T14:53:11.903Z] [runtime-status] [8604] Outgoing network have been stubbed. [{"name":"http","status":"mocked"},{"name":"http","status":"mocked"},{"name":"https","status":"mocked"},{"name":"https","status":"mocked"},{"name":"net","status":"mocked"}] {"metadata":{"emulator":{"name":"functions"},"function":{"name":"us-central1-api"},"extension":{},"message":"[runtime-status] [8604] Outgoing network have been stubbed. [{\"name\":\"http\",\"status\":\"mocked\"},{\"name\":\"http\",\"status\":\"mocked\"},{\"name\":\"https\",\"status\":\"mocked\"},{\"name\":\"https\",\"status\":\"mocked\"},{\"name\":\"net\",\"status\":\"mocked\"}]"}}
[debug] [2022-04-09T14:53:11.904Z] [runtime-status] [8604] Resolved module firebase-functions {"declared":true,"installed":true,"version":"3.20.0","resolution":"C:\\Users\\Nikos Fliataris\\Documents\\react\\React-Typescript\\my-app\\functions\\node_modules\\firebase-functions\\lib\\index.js"} {"metadata":{"emulator":{"name":"functions"},"function":{"name":"us-central1-api"},"extension":{},"message":"[runtime-status] [8604] Resolved module firebase-functions {\"declared\":true,\"installed\":true,\"version\":\"3.20.0\",\"resolution\":\"C:\\\\Users\\\\Nikos Fliataris\\\\Documents\\\\react\\\\React-Typescript\\\\my-app\\\\functions\\\\node_modules\\\\firebase-functions\\\\lib\\\\index.js\"}"}}
[debug] [2022-04-09T14:53:12.038Z] [runtime-status] [8604] Checked functions.config() {"config":{}} {"metadata":{"emulator":{"name":"functions"},"function":{"name":"us-central1-api"},"extension":{},"message":"[runtime-status] [8604] Checked functions.config() {\"config\":{}}"}}
[debug] [2022-04-09T14:53:12.038Z] [runtime-status] [8604] firebase-functions has been stubbed. {"functionsResolution":{"declared":true,"installed":true,"version":"3.20.0","resolution":"C:\\Users\\Nikos Fliataris\\Documents\\react\\React-Typescript\\my-app\\functions\\node_modules\\firebase-functions\\lib\\index.js"}} {"metadata":{"emulator":{"name":"functions"},"function":{"name":"us-central1-api"},"extension":{},"message":"[runtime-status] [8604] firebase-functions has been stubbed. {\"functionsResolution\":{\"declared\":true,\"installed\":true,\"version\":\"3.20.0\",\"resolution\":\"C:\\\\Users\\\\Nikos Fliataris\\\\Documents\\\\react\\\\React-Typescript\\\\my-app\\\\functions\\\\node_modules\\\\firebase-functions\\\\lib\\\\index.js\"}}"}}
[debug] [2022-04-09T14:53:12.040Z] [runtime-status] [8604] Resolved module firebase-functions {"declared":true,"installed":true,"version":"3.20.0","resolution":"C:\\Users\\Nikos Fliataris\\Documents\\react\\React-Typescript\\my-app\\functions\\node_modules\\firebase-functions\\lib\\index.js"} {"metadata":{"emulator":{"name":"functions"},"function":{"name":"us-central1-api"},"extension":{},"message":"[runtime-status] [8604] Resolved module firebase-functions {\"declared\":true,\"installed\":true,\"version\":\"3.20.0\",\"resolution\":\"C:\\\\Users\\\\Nikos Fliataris\\\\Documents\\\\react\\\\React-Typescript\\\\my-app\\\\functions\\\\node_modules\\\\firebase-functions\\\\lib\\\\index.js\"}"}}
[debug] [2022-04-09T14:53:12.042Z] [runtime-status] [8604] Resolved module firebase-admin {"declared":true,"installed":true,"version":"10.0.2","resolution":"C:\\Users\\Nikos Fliataris\\Documents\\react\\React-Typescript\\my-app\\functions\\node_modules\\firebase-admin\\lib\\index.js"} {"metadata":{"emulator":{"name":"functions"},"function":{"name":"us-central1-api"},"extension":{},"message":"[runtime-status] [8604] Resolved module firebase-admin {\"declared\":true,\"installed\":true,\"version\":\"10.0.2\",\"resolution\":\"C:\\\\Users\\\\Nikos Fliataris\\\\Documents\\\\react\\\\React-Typescript\\\\my-app\\\\functions\\\\node_modules\\\\firebase-admin\\\\lib\\\\index.js\"}"}}
[debug] [2022-04-09T14:53:12.043Z] [runtime-status] [8604] Resolved module firebase-functions {"declared":true,"installed":true,"version":"3.20.0","resolution":"C:\\Users\\Nikos Fliataris\\Documents\\react\\React-Typescript\\my-app\\functions\\node_modules\\firebase-functions\\lib\\index.js"} {"metadata":{"emulator":{"name":"functions"},"function":{"name":"us-central1-api"},"extension":{},"message":"[runtime-status] [8604] Resolved module firebase-functions {\"declared\":true,\"installed\":true,\"version\":\"3.20.0\",\"resolution\":\"C:\\\\Users\\\\Nikos Fliataris\\\\Documents\\\\react\\\\React-Typescript\\\\my-app\\\\functions\\\\node_modules\\\\firebase-functions\\\\lib\\\\index.js\"}"}}
[debug] [2022-04-09T14:53:12.043Z] [runtime-status] [8604] firebase-admin has been stubbed. {"adminResolution":{"declared":true,"installed":true,"version":"10.0.2","resolution":"C:\\Users\\Nikos Fliataris\\Documents\\react\\React-Typescript\\my-app\\functions\\node_modules\\firebase-admin\\lib\\index.js"}} {"metadata":{"emulator":{"name":"functions"},"function":{"name":"us-central1-api"},"extension":{},"message":"[runtime-status] [8604] firebase-admin has been stubbed. {\"adminResolution\":{\"declared\":true,\"installed\":true,\"version\":\"10.0.2\",\"resolution\":\"C:\\\\Users\\\\Nikos Fliataris\\\\Documents\\\\react\\\\React-Typescript\\\\my-app\\\\functions\\\\node_modules\\\\firebase-admin\\\\lib\\\\index.js\"}}"}}
[debug] [2022-04-09T14:53:12.310Z] [runtime-status] [8604] Beginning invocation function api! {"metadata":{"emulator":{"name":"functions"},"function":{"name":"us-central1-api"},"extension":{},"message":"[runtime-status] [8604] Beginning invocation function api!"}}
[info] i  functions: Beginning execution of "api" {"metadata":{"emulator":{"name":"functions"},"function":{"name":"us-central1-api"},"extension":{},"message":"Beginning execution of \"api\""}}
[debug] [2022-04-09T14:53:12.312Z] [runtime-status] [8604] Running api in signature http {"metadata":{"emulator":{"name":"functions"},"function":{"name":"us-central1-api"},"extension":{},"message":"[runtime-status] [8604] Running api in signature http"}}
[debug] [2022-04-09T14:53:12.316Z] [runtime-status] [8604] Attempting to listen to socketPath: \\?\pipe\C:\Users\Nikos Fliataris\Documents\react\React-Typescript\my-app\functions\8604 {"metadata":{"emulator":{"name":"functions"},"function":{"name":"us-central1-api"},"extension":{},"message":"[runtime-status] [8604] Attempting to listen to socketPath: \\\\?\\pipe\\C:\\Users\\Nikos Fliataris\\Documents\\react\\React-Typescript\\my-app\\functions\\8604"}}
[debug] [2022-04-09T14:53:12.321Z] [functions] Runtime ready! Sending request! {"metadata":{"emulator":{"name":"functions"},"message":"[functions] Runtime ready! Sending request!"}}
[debug] [2022-04-09T14:53:12.322Z] [functions] Got req.url=/eshop-8bfe9/us-central1/api/payment/create, mapping to path=/payment/create {"metadata":{"emulator":{"name":"functions"},"message":"[functions] Got req.url=/eshop-8bfe9/us-central1/api/payment/create, mapping to path=/payment/create"}}
[debug] [2022-04-09T14:53:12.368Z] [runtime-status] [8604] Ephemeral server handling POST request {"metadata":{"emulator":{"name":"functions"},"function":{"name":"us-central1-api"},"extension":{},"message":"[runtime-status] [8604] Ephemeral server handling POST request"}}
[debug] [2022-04-09T14:53:12.374Z] [runtime-status] [8604] Ephemeral server survived. {"metadata":{"emulator":{"name":"functions"},"function":{"name":"us-central1-api"},"extension":{},"message":"[runtime-status] [8604] Ephemeral server survived."}}
[info] i  functions: Finished "api" in ~1s {"metadata":{"emulator":{"name":"functions"},"function":{"name":"us-central1-api"},"extension":{},"message":"Finished \"api\" in ~1s"}}
[debug] [2022-04-09T14:53:12.383Z] [worker-us-central1-api-d32d2487-f18a-40ec-9634-39f3653d6a49]: IDLE {"metadata":{"emulator":{"name":"functions"},"message":"[worker-us-central1-api-d32d2487-f18a-40ec-9634-39f3653d6a49]: IDLE"}}
[debug] [2022-04-09T14:53:12.383Z] [work-queue] {"queueLength":0,"workRunningCount":0}
